<?xml version="1.0" encoding="UTF-8"?>
<!-- Generated by org.testng.reporters.JUnitReportReporter -->
<testsuite hostname="DESKTOP-9EUEAEG" failures="0" tests="4" name="api.tests.PetTest" time="8.597" errors="0" timestamp="2024-09-05T22:13:19 IST" skipped="0">
  <testcase classname="api.tests.PetTest" name="createPet" time="3.878"/>
  <system-out/>
  <testcase classname="api.tests.PetTest" name="getPet" time="1.550"/>
  <system-out/>
  <testcase classname="api.tests.PetTest" name="updatePet" time="1.535"/>
  <system-out/>
  <testcase classname="api.tests.PetTest" name="deletePet" time="1.634"/>
  <system-out/>
</testsuite> <!-- api.tests.PetTest -->
