<?xml version="1.0" encoding="UTF-8"?>
<!-- Generated by org.testng.reporters.JUnitReportReporter -->
<testsuite hostname="DESKTOP-9EUEAEG" failures="0" tests="4" name="api.tests.PetTest" time="18.095" errors="0" timestamp="2024-09-05T18:09:17 IST" skipped="0">
  <testcase classname="api.tests.PetTest" name="createPet" time="4.416"/>
  <system-out/>
  <testcase classname="api.tests.PetTest" name="getPet" time="4.579"/>
  <system-out/>
  <testcase classname="api.tests.PetTest" name="updatePet" time="3.681"/>
  <system-out/>
  <testcase classname="api.tests.PetTest" name="deletePet" time="5.419"/>
  <system-out/>
</testsuite> <!-- api.tests.PetTest -->
