<?xml version="1.0" encoding="UTF-8"?>
<!-- Generated by org.testng.reporters.JUnitReportReporter -->
<testsuite hostname="DESKTOP-9EUEAEG" failures="0" tests="12" name="api.tests.PetDD" time="20.974" errors="0" timestamp="2024-09-05T21:54:37 IST" skipped="0">
  <testcase classname="api.tests.PetDD" name="createPet" time="1.642"/>
  <system-out/>
  <testcase classname="api.tests.PetDD" name="createPet" time="1.518"/>
  <system-out/>
  <testcase classname="api.tests.PetDD" name="createPet" time="1.621"/>
  <system-out/>
  <testcase classname="api.tests.PetDD" name="createPet" time="1.536"/>
  <system-out/>
  <testcase classname="api.tests.PetDD" name="createPet" time="1.582"/>
  <system-out/>
  <testcase classname="api.tests.PetDD" name="createPet" time="3.484"/>
  <system-out/>
  <testcase classname="api.tests.PetDD" name="deletePet" time="1.726"/>
  <system-out/>
  <testcase classname="api.tests.PetDD" name="deletePet" time="1.553"/>
  <system-out/>
  <testcase classname="api.tests.PetDD" name="deletePet" time="1.566"/>
  <system-out/>
  <testcase classname="api.tests.PetDD" name="deletePet" time="1.606"/>
  <system-out/>
  <testcase classname="api.tests.PetDD" name="deletePet" time="1.611"/>
  <system-out/>
  <testcase classname="api.tests.PetDD" name="deletePet" time="1.529"/>
  <system-out/>
</testsuite> <!-- api.tests.PetDD -->
