<?xml version="1.0" encoding="UTF-8"?>
<!-- Generated by org.testng.reporters.JUnitReportReporter -->
<testsuite hostname="DESKTOP-9EUEAEG" failures="0" tests="12" name="api.tests.UserDD" time="47.420" errors="0" timestamp="2024-09-05T18:09:17 IST" skipped="0">
  <testcase classname="api.tests.UserDD" name="createUser" time="2.938"/>
  <system-out/>
  <testcase classname="api.tests.UserDD" name="createUser" time="3.220"/>
  <system-out/>
  <testcase classname="api.tests.UserDD" name="createUser" time="2.660"/>
  <system-out/>
  <testcase classname="api.tests.UserDD" name="createUser" time="2.707"/>
  <system-out/>
  <testcase classname="api.tests.UserDD" name="createUser" time="2.620"/>
  <system-out/>
  <testcase classname="api.tests.UserDD" name="createUser" time="5.769"/>
  <system-out/>
  <testcase classname="api.tests.UserDD" name="deleteUser" time="4.396"/>
  <system-out/>
  <testcase classname="api.tests.UserDD" name="deleteUser" time="4.811"/>
  <system-out/>
  <testcase classname="api.tests.UserDD" name="deleteUser" time="4.901"/>
  <system-out/>
  <testcase classname="api.tests.UserDD" name="deleteUser" time="3.909"/>
  <system-out/>
  <testcase classname="api.tests.UserDD" name="deleteUser" time="4.305"/>
  <system-out/>
  <testcase classname="api.tests.UserDD" name="deleteUser" time="5.184"/>
  <system-out/>
</testsuite> <!-- api.tests.UserDD -->
