<?xml version="1.0" encoding="UTF-8"?>
<!-- Generated by org.testng.reporters.JUnitReportReporter -->
<testsuite hostname="DESKTOP-9EUEAEG" failures="0" tests="12" name="api.tests.UserDD" time="38.141" errors="0" timestamp="2024-09-05T11:02:15 IST" skipped="0">
  <testcase classname="api.tests.UserDD" name="createUser" time="2.583"/>
  <system-out/>
  <testcase classname="api.tests.UserDD" name="createUser" time="2.857"/>
  <system-out/>
  <testcase classname="api.tests.UserDD" name="createUser" time="2.317"/>
  <system-out/>
  <testcase classname="api.tests.UserDD" name="createUser" time="4.549"/>
  <system-out/>
  <testcase classname="api.tests.UserDD" name="createUser" time="2.886"/>
  <system-out/>
  <testcase classname="api.tests.UserDD" name="createUser" time="2.213"/>
  <system-out/>
  <testcase classname="api.tests.UserDD" name="deleteUser" time="3.194"/>
  <system-out/>
  <testcase classname="api.tests.UserDD" name="deleteUser" time="3.393"/>
  <system-out/>
  <testcase classname="api.tests.UserDD" name="deleteUser" time="3.991"/>
  <system-out/>
  <testcase classname="api.tests.UserDD" name="deleteUser" time="3.485"/>
  <system-out/>
  <testcase classname="api.tests.UserDD" name="deleteUser" time="3.283"/>
  <system-out/>
  <testcase classname="api.tests.UserDD" name="deleteUser" time="3.390"/>
  <system-out/>
</testsuite> <!-- api.tests.UserDD -->
