<?xml version="1.0" encoding="UTF-8"?>
<!-- Generated by org.testng.reporters.JUnitReportReporter -->
<testsuite hostname="DESKTOP-9EUEAEG" failures="0" tests="12" name="api.tests.UserDDTest" time="20.970" errors="0" timestamp="2024-09-05T22:14:31 IST" skipped="0">
  <testcase classname="api.tests.UserDDTest" name="createUser" time="1.577"/>
  <system-out/>
  <testcase classname="api.tests.UserDDTest" name="createUser" time="1.536"/>
  <system-out/>
  <testcase classname="api.tests.UserDDTest" name="createUser" time="1.632"/>
  <system-out/>
  <testcase classname="api.tests.UserDDTest" name="createUser" time="1.635"/>
  <system-out/>
  <testcase classname="api.tests.UserDDTest" name="createUser" time="1.539"/>
  <system-out/>
  <testcase classname="api.tests.UserDDTest" name="createUser" time="3.598"/>
  <system-out/>
  <testcase classname="api.tests.UserDDTest" name="deleteUser" time="1.533"/>
  <system-out/>
  <testcase classname="api.tests.UserDDTest" name="deleteUser" time="1.531"/>
  <system-out/>
  <testcase classname="api.tests.UserDDTest" name="deleteUser" time="1.582"/>
  <system-out/>
  <testcase classname="api.tests.UserDDTest" name="deleteUser" time="1.631"/>
  <system-out/>
  <testcase classname="api.tests.UserDDTest" name="deleteUser" time="1.532"/>
  <system-out/>
  <testcase classname="api.tests.UserDDTest" name="deleteUser" time="1.644"/>
  <system-out/>
</testsuite> <!-- api.tests.UserDDTest -->
