<?xml version="1.0" encoding="UTF-8"?>
<!-- Generated by org.testng.reporters.JUnitReportReporter -->
<testsuite hostname="DESKTOP-9EUEAEG" failures="0" tests="4" name="api.tests.UserTest" time="16.483" errors="0" timestamp="2024-09-05T10:34:57 IST" skipped="0">
  <testcase classname="api.tests.UserTest" name="createUser" time="4.584"/>
  <system-out/>
  <testcase classname="api.tests.UserTest" name="getUser" time="3.522"/>
  <system-out/>
  <testcase classname="api.tests.UserTest" name="updateUser" time="4.687"/>
  <system-out/>
  <testcase classname="api.tests.UserTest" name="deleteUser" time="3.690"/>
  <system-out/>
</testsuite> <!-- api.tests.UserTest -->
