<?xml version="1.0" encoding="UTF-8"?>
<!-- Generated by org.testng.reporters.JUnitReportReporter -->
<testsuite hostname="DESKTOP-9EUEAEG" failures="0" tests="12" name="api.tests.PetDDTest" time="19.193" errors="0" timestamp="2024-09-05T22:14:31 IST" skipped="0">
  <testcase classname="api.tests.PetDDTest" name="createPet" time="1.604"/>
  <system-out/>
  <testcase classname="api.tests.PetDDTest" name="createPet" time="1.638"/>
  <system-out/>
  <testcase classname="api.tests.PetDDTest" name="createPet" time="1.624"/>
  <system-out/>
  <testcase classname="api.tests.PetDDTest" name="createPet" time="1.631"/>
  <system-out/>
  <testcase classname="api.tests.PetDDTest" name="createPet" time="1.541"/>
  <system-out/>
  <testcase classname="api.tests.PetDDTest" name="createPet" time="1.634"/>
  <system-out/>
  <testcase classname="api.tests.PetDDTest" name="deletePet" time="1.539"/>
  <system-out/>
  <testcase classname="api.tests.PetDDTest" name="deletePet" time="1.538"/>
  <system-out/>
  <testcase classname="api.tests.PetDDTest" name="deletePet" time="1.533"/>
  <system-out/>
  <testcase classname="api.tests.PetDDTest" name="deletePet" time="1.739"/>
  <system-out/>
  <testcase classname="api.tests.PetDDTest" name="deletePet" time="1.538"/>
  <system-out/>
  <testcase classname="api.tests.PetDDTest" name="deletePet" time="1.634"/>
  <system-out/>
</testsuite> <!-- api.tests.PetDDTest -->
